<?xml version="1.0" encoding="UTF-8"?>
<!-- Generated by org.testng.reporters.JUnitReportReporter -->
<testsuite skipped="0" hostname="DESKTOP-U4TDB48" name="com.practice.Createorg" tests="2" failures="0" timestamp="2021-03-12T10:48:30 IST" time="16.615" errors="0">
  <testcase name="createorg" time="16.610" classname="com.practice.Createorg"/>
  <system-out/>
  <testcase name="createorgwithMobile" time="0.005" classname="com.practice.Createorg"/>
  <system-out/>
</testsuite> <!-- com.practice.Createorg -->
