<?xml version="1.0" encoding="UTF-8"?>
<!-- Generated by org.testng.reporters.JUnitReportReporter -->
<testsuite skipped="0" hostname="DESKTOP-U4TDB48" name="com.practice.Createcontact" tests="2" failures="0" timestamp="2021-03-11T22:55:17 IST" time="0.011" errors="0">
  <testcase name="createcontact" time="0.010" classname="com.practice.Createcontact"/>
  <system-out/>
  <testcase name="createcontactwithMobile" time="0.001" classname="com.practice.Createcontact"/>
  <system-out/>
</testsuite> <!-- com.practice.Createcontact -->
